Determining if the pthread_create exist failed with the following output:
Change Dir: /home/biorobotics/Documents/qr_registration/build/CMakeFiles/CMakeTmp

Run Build Command:/usr/bin/make "cmTryCompileExec2878737712/fast"
/usr/bin/make -f CMakeFiles/cmTryCompileExec2878737712.dir/build.make CMakeFiles/cmTryCompileExec2878737712.dir/build
make[1]: Entering directory `/home/biorobotics/Documents/qr_registration/build/CMakeFiles/CMakeTmp'
/usr/bin/cmake -E cmake_progress_report /home/biorobotics/Documents/qr_registration/build/CMakeFiles/CMakeTmp/CMakeFiles 1
Building C object CMakeFiles/cmTryCompileExec2878737712.dir/CheckSymbolExists.c.o
/usr/bin/cc    -o CMakeFiles/cmTryCompileExec2878737712.dir/CheckSymbolExists.c.o   -c /home/biorobotics/Documents/qr_registration/build/CMakeFiles/CMakeTmp/CheckSymbolExists.c
Linking C executable cmTryCompileExec2878737712
/usr/bin/cmake -E cmake_link_script CMakeFiles/cmTryCompileExec2878737712.dir/link.txt --verbose=1
/usr/bin/cc       CMakeFiles/cmTryCompileExec2878737712.dir/CheckSymbolExists.c.o  -o cmTryCompileExec2878737712 -rdynamic 
CMakeFiles/cmTryCompileExec2878737712.dir/CheckSymbolExists.c.o: In function `main':
CheckSymbolExists.c:(.text+0x16): undefined reference to `pthread_create'
collect2: error: ld returned 1 exit status
make[1]: *** [cmTryCompileExec2878737712] Error 1
make[1]: Leaving directory `/home/biorobotics/Documents/qr_registration/build/CMakeFiles/CMakeTmp'
make: *** [cmTryCompileExec2878737712/fast] Error 2

File /home/biorobotics/Documents/qr_registration/build/CMakeFiles/CMakeTmp/CheckSymbolExists.c:
/* */
#include <pthread.h>

int main(int argc, char** argv)
{
  (void)argv;
#ifndef pthread_create
  return ((int*)(&pthread_create))[argc];
#else
  (void)argc;
  return 0;
#endif
}

Determining if the function pthread_create exists in the pthreads failed with the following output:
Change Dir: /home/biorobotics/Documents/qr_registration/build/CMakeFiles/CMakeTmp

Run Build Command:/usr/bin/make "cmTryCompileExec1775569103/fast"
/usr/bin/make -f CMakeFiles/cmTryCompileExec1775569103.dir/build.make CMakeFiles/cmTryCompileExec1775569103.dir/build
make[1]: Entering directory `/home/biorobotics/Documents/qr_registration/build/CMakeFiles/CMakeTmp'
/usr/bin/cmake -E cmake_progress_report /home/biorobotics/Documents/qr_registration/build/CMakeFiles/CMakeTmp/CMakeFiles 1
Building C object CMakeFiles/cmTryCompileExec1775569103.dir/CheckFunctionExists.c.o
/usr/bin/cc   -DCHECK_FUNCTION_EXISTS=pthread_create   -o CMakeFiles/cmTryCompileExec1775569103.dir/CheckFunctionExists.c.o   -c /usr/share/cmake-2.8/Modules/CheckFunctionExists.c
Linking C executable cmTryCompileExec1775569103
/usr/bin/cmake -E cmake_link_script CMakeFiles/cmTryCompileExec1775569103.dir/link.txt --verbose=1
/usr/bin/cc   -DCHECK_FUNCTION_EXISTS=pthread_create    CMakeFiles/cmTryCompileExec1775569103.dir/CheckFunctionExists.c.o  -o cmTryCompileExec1775569103 -rdynamic -lpthreads 
/usr/bin/ld: cannot find -lpthreads
collect2: error: ld returned 1 exit status
make[1]: *** [cmTryCompileExec1775569103] Error 1
make[1]: Leaving directory `/home/biorobotics/Documents/qr_registration/build/CMakeFiles/CMakeTmp'
make: *** [cmTryCompileExec1775569103/fast] Error 2


